<?xml version="1.0" encoding="utf-8"?><testsuites name="pytest tests"><testsuite name="pytest" errors="0" failures="0" skipped="0" tests="19" time="5.642" timestamp="2026-07-02T03:52:18.509407+00:00" hostname="agent-env-ea820040-2ddc-4545-8ae0-e585575d38a8"><testcase classname="backend.tests.test_iteration3_seats.TestCabinSections" name="test_list_cabins_have_sections" time="0.334" /><testcase classname="backend.tests.test_iteration3_seats.TestCabinSections" name="test_seeded_types_correct" time="0.139" /><testcase classname="backend.tests.test_iteration3_seats.TestCabinSections" name="test_filter_ac_includes_both" time="0.154" /><testcase classname="backend.tests.test_iteration3_seats.TestCabinSections" name="test_filter_non_ac_includes_both" time="0.127" /><testcase classname="backend.tests.test_iteration3_seats.TestCreateCabinAutoSections" name="test_post_type_both_no_sections" time="0.507" /><testcase classname="backend.tests.test_iteration3_seats.TestCreateCabinAutoSections" name="test_post_type_ac_single_section" time="0.186" /><testcase classname="backend.tests.test_iteration3_seats.TestCreateCabinAutoSections" name="test_post_type_non_ac_single_section" time="0.153" /><testcase classname="backend.tests.test_iteration3_seats.TestCreateCabinAutoSections" name="test_post_with_explicit_sections" time="0.128" /><testcase classname="backend.tests.test_iteration3_seats.TestSeatBookingFlow" name="test_availability_starts_empty" time="0.301" /><testcase classname="backend.tests.test_iteration3_seats.TestSeatBookingFlow" name="test_book_seats_valid_and_price" time="0.692" /><testcase classname="backend.tests.test_iteration3_seats.TestSeatBookingFlow" name="test_book_invalid_seat_400" time="0.481" /><testcase classname="backend.tests.test_iteration3_seats.TestSeatBookingFlow" name="test_book_conflict_409" time="0.126" /><testcase classname="backend.tests.test_iteration3_seats.TestSeatBookingFlow" name="test_book_without_seats_422" time="0.133" /><testcase classname="backend.tests.test_iteration3_seats.TestSeatBookingFlow" name="test_cancel_frees_seats" time="0.256" /><testcase classname="backend.tests.test_iteration3_seats.TestSeatBookingFlow" name="test_after_cancel_seat_rebookable" time="0.267" /><testcase classname="backend.tests.test_iteration3_seats.TestMyBookingsBackfill" name="test_get_my_bookings_ok" time="0.168" /><testcase classname="backend.tests.test_iteration3_seats.TestRegression" name="test_signup_login_role_switch" time="0.835" /><testcase classname="backend.tests.test_iteration3_seats.TestRegression" name="test_review_future_still_400" time="0.286" /><testcase classname="backend.tests.test_iteration3_seats.TestRegression" name="test_featured_boost_still_works" time="0.264" /></testsuite></testsuites>