<?xml version="1.0" encoding="utf-8"?><testsuites name="pytest tests"><testsuite name="pytest" errors="0" failures="0" skipped="0" tests="34" time="13.939" timestamp="2026-07-02T03:35:13.008602+00:00" hostname="agent-env-ea820040-2ddc-4545-8ae0-e585575d38a8"><testcase classname="backend.tests.test_cabinly_api.TestAuth" name="test_signup_returns_token_and_user" time="0.419" /><testcase classname="backend.tests.test_cabinly_api.TestAuth" name="test_signup_duplicate_email_400" time="0.374" /><testcase classname="backend.tests.test_cabinly_api.TestAuth" name="test_login_success" time="0.296" /><testcase classname="backend.tests.test_cabinly_api.TestAuth" name="test_login_wrong_password_401" time="0.294" /><testcase classname="backend.tests.test_cabinly_api.TestAuth" name="test_me_without_token_401" time="0.135" /><testcase classname="backend.tests.test_cabinly_api.TestAuth" name="test_me_with_token" time="0.129" /><testcase classname="backend.tests.test_cabinly_api.TestAuth" name="test_role_switch_returns_new_token" time="0.576" /><testcase classname="backend.tests.test_cabinly_api.TestCabins" name="test_list_returns_at_least_10" time="0.083" /><testcase classname="backend.tests.test_cabinly_api.TestCabins" name="test_city_filter_bengaluru" time="0.077" /><testcase classname="backend.tests.test_cabinly_api.TestCabins" name="test_search_silent" time="0.075" /><testcase classname="backend.tests.test_cabinly_api.TestCabins" name="test_cities_sorted_distinct" time="0.075" /><testcase classname="backend.tests.test_cabinly_api.TestCabins" name="test_get_cabin_by_id_and_404" time="0.232" /><testcase classname="backend.tests.test_cabinly_api.TestCabins" name="test_student_cannot_create_cabin_403" time="0.137" /><testcase classname="backend.tests.test_cabinly_api.TestCabins" name="test_owner_can_create_and_lists_in_my" time="0.572" /><testcase classname="backend.tests.test_cabinly_api.TestBookings" name="test_create_booking_and_price_x2" time="0.216" /><testcase classname="backend.tests.test_cabinly_api.TestBookings" name="test_my_bookings_returns_created" time="0.134" /><testcase classname="backend.tests.test_cabinly_api.TestBookings" name="test_cancel_booking" time="0.267" /><testcase classname="backend.tests.test_cabinly_api.TestBookings" name="test_cannot_cancel_others_booking_404" time="0.652" /><testcase classname="backend.tests.test_cabinly_api.TestBookings" name="test_owner_bookings_only_own_cabins" time="0.740" /><testcase classname="backend.tests.test_cabinly_api.TestSeededOwner" name="test_login_demo_owner" time="0.296" /><testcase classname="backend.tests.test_iteration2_features.TestCabinType" name="test_list_has_type_and_new_fields" time="0.156" /><testcase classname="backend.tests.test_iteration2_features.TestCabinType" name="test_filter_ac" time="0.140" /><testcase classname="backend.tests.test_iteration2_features.TestCabinType" name="test_filter_non_ac" time="0.127" /><testcase classname="backend.tests.test_iteration2_features.TestCabinType" name="test_filter_all" time="0.282" /><testcase classname="backend.tests.test_iteration2_features.TestCabinType" name="test_seeded_types_correct" time="0.145" /><testcase classname="backend.tests.test_iteration2_features.TestCabinType" name="test_post_cabin_accepts_type" time="0.484" /><testcase classname="backend.tests.test_iteration2_features.TestCabinType" name="test_post_cabin_default_type_ac" time="0.134" /><testcase classname="backend.tests.test_iteration2_features.TestFeatureBoost" name="test_owner_can_boost_and_non_owner_gets_403" time="0.750" /><testcase classname="backend.tests.test_iteration2_features.TestFeatureBoost" name="test_featured_cabins_appear_first" time="0.396" /><testcase classname="backend.tests.test_iteration2_features.TestReviews" name="test_future_date_400" time="0.772" /><testcase classname="backend.tests.test_iteration2_features.TestReviews" name="test_today_date_also_400" time="0.394" /><testcase classname="backend.tests.test_iteration2_features.TestReviews" name="test_other_user_review_gets_404" time="0.859" /><testcase classname="backend.tests.test_iteration2_features.TestReviews" name="test_success_path_past_date_via_mongo" time="1.495" /><testcase classname="backend.tests.test_iteration2_features.TestChatAndBookingAccess" name="test_auto_welcome_message_and_chat_flow" time="1.918" /></testsuite></testsuites>