<?xml version="1.0" encoding="utf-8"?><testsuites name="pytest tests"><testsuite name="pytest" errors="0" failures="0" skipped="0" tests="20" time="6.486" timestamp="2026-07-02T03:05:11.806747+00:00" hostname="agent-env-ea820040-2ddc-4545-8ae0-e585575d38a8"><testcase classname="backend.tests.test_cabinly_api.TestAuth" name="test_signup_returns_token_and_user" time="1.085" /><testcase classname="backend.tests.test_cabinly_api.TestAuth" name="test_signup_duplicate_email_400" time="0.378" /><testcase classname="backend.tests.test_cabinly_api.TestAuth" name="test_login_success" time="0.300" /><testcase classname="backend.tests.test_cabinly_api.TestAuth" name="test_login_wrong_password_401" time="0.297" /><testcase classname="backend.tests.test_cabinly_api.TestAuth" name="test_me_without_token_401" time="0.130" /><testcase classname="backend.tests.test_cabinly_api.TestAuth" name="test_me_with_token" time="0.141" /><testcase classname="backend.tests.test_cabinly_api.TestAuth" name="test_role_switch_returns_new_token" time="0.591" /><testcase classname="backend.tests.test_cabinly_api.TestCabins" name="test_list_returns_at_least_10" time="0.076" /><testcase classname="backend.tests.test_cabinly_api.TestCabins" name="test_city_filter_bengaluru" time="0.074" /><testcase classname="backend.tests.test_cabinly_api.TestCabins" name="test_search_silent" time="0.076" /><testcase classname="backend.tests.test_cabinly_api.TestCabins" name="test_cities_sorted_distinct" time="0.077" /><testcase classname="backend.tests.test_cabinly_api.TestCabins" name="test_get_cabin_by_id_and_404" time="0.234" /><testcase classname="backend.tests.test_cabinly_api.TestCabins" name="test_student_cannot_create_cabin_403" time="0.128" /><testcase classname="backend.tests.test_cabinly_api.TestCabins" name="test_owner_can_create_and_lists_in_my" time="0.549" /><testcase classname="backend.tests.test_cabinly_api.TestBookings" name="test_create_booking_and_price_x2" time="0.199" /><testcase classname="backend.tests.test_cabinly_api.TestBookings" name="test_my_bookings_returns_created" time="0.138" /><testcase classname="backend.tests.test_cabinly_api.TestBookings" name="test_cancel_booking" time="0.257" /><testcase classname="backend.tests.test_cabinly_api.TestBookings" name="test_cannot_cancel_others_booking_404" time="0.678" /><testcase classname="backend.tests.test_cabinly_api.TestBookings" name="test_owner_bookings_only_own_cabins" time="0.681" /><testcase classname="backend.tests.test_cabinly_api.TestSeededOwner" name="test_login_demo_owner" time="0.298" /></testsuite></testsuites>